<?xml version="1.0" encoding="UTF-8"?>
<!-- Generated by org.testng.reporters.JUnitReportReporter -->
<testsuite hostname="RACD-002157" name="com.qa.extentreport.TestClass.ExtentTestClass1" tests="4" failures="0" timestamp="15 May 2019 09:24:04 GMT" time="0.029" errors="0">
  <testcase name="Login" time="0.005" classname="com.qa.extentreport.TestClass.ExtentTestClass1"/>
  <testcase name="ResetPassword" time="0.006" classname="com.qa.extentreport.TestClass.ExtentTestClass1"/>
  <testcase name="Register" time="0.015" classname="com.qa.extentreport.TestClass.ExtentTestClass1"/>
  <testcase name="SearchResult" time="0.003" classname="com.qa.extentreport.TestClass.ExtentTestClass1"/>
</testsuite> <!-- com.qa.extentreport.TestClass.ExtentTestClass1 -->
