<?xml version="1.0" encoding="UTF-8"?>
<!-- Generated by org.testng.reporters.JUnitReportReporter -->
<testsuite hostname="RACD-002157" name="com.qa.extentreport.TestClass.ExtentTestClass" tests="4" failures="0" timestamp="15 May 2019 07:15:34 GMT" time="0.014" errors="0">
  <testcase name="ResetPassword" time="0.001" classname="com.qa.extentreport.TestClass.ExtentTestClass"/>
  <testcase name="Register" time="0.002" classname="com.qa.extentreport.TestClass.ExtentTestClass"/>
  <testcase name="Login" time="0.010" classname="com.qa.extentreport.TestClass.ExtentTestClass"/>
  <testcase name="SearchResult" time="0.001" classname="com.qa.extentreport.TestClass.ExtentTestClass"/>
</testsuite> <!-- com.qa.extentreport.TestClass.ExtentTestClass -->
